<?xml version="1.0" encoding="UTF-8"?>
<!-- Generated by org.testng.reporters.JUnitReportReporter -->
<testsuite skipped="0" hostname="DESKTOP-A93287H" name="billing.LoginPage" tests="1" failures="0" timestamp="2020-11-03T21:33:01 CST" time="12.303" errors="0">
  <testcase name="logintest" time="12.303" classname="billing.LoginPage"/>
  <system-out/>
</testsuite> <!-- billing.LoginPage -->
